<?xml version="1.0" encoding="UTF-8"?>
<coverage generated="1650052766108" clover="3.2.0">
  <project timestamp="1650052766108" name="All files">
    <metrics statements="54" coveredstatements="31" conditionals="20" coveredconditionals="8" methods="3" coveredmethods="2" elements="77" coveredelements="41" complexity="0" loc="54" ncloc="54" packages="1" files="1" classes="1"/>
    <file name="ageCalculator.js" path="/Users/ramenimo/Desktop/age-calculator/src/ageCalculator.js">
      <metrics statements="54" coveredstatements="31" conditionals="20" coveredconditionals="8" methods="3" coveredmethods="2"/>
      <line num="3" count="7" type="stmt"/>
      <line num="4" count="7" type="stmt"/>
      <line num="5" count="7" type="stmt"/>
      <line num="6" count="7" type="stmt"/>
      <line num="7" count="7" type="stmt"/>
      <line num="8" count="7" type="stmt"/>
      <line num="9" count="7" type="stmt"/>
      <line num="10" count="7" type="stmt"/>
      <line num="11" count="7" type="stmt"/>
      <line num="12" count="7" type="stmt"/>
      <line num="13" count="7" type="stmt"/>
      <line num="18" count="4" type="cond" truecount="4" falsecount="0"/>
      <line num="19" count="1" type="stmt"/>
      <line num="20" count="1" type="stmt"/>
      <line num="21" count="1" type="stmt"/>
      <line num="22" count="1" type="stmt"/>
      <line num="23" count="1" type="stmt"/>
      <line num="24" count="1" type="stmt"/>
      <line num="25" count="3" type="cond" truecount="4" falsecount="0"/>
      <line num="26" count="2" type="stmt"/>
      <line num="27" count="2" type="stmt"/>
      <line num="28" count="2" type="stmt"/>
      <line num="29" count="2" type="stmt"/>
      <line num="30" count="2" type="stmt"/>
      <line num="31" count="2" type="stmt"/>
      <line num="33" count="1" type="stmt"/>
      <line num="34" count="1" type="stmt"/>
      <line num="35" count="1" type="stmt"/>
      <line num="36" count="1" type="stmt"/>
      <line num="37" count="1" type="stmt"/>
      <line num="38" count="1" type="stmt"/>
      <line num="42" count="0" type="cond" truecount="0" falsecount="2"/>
      <line num="47" count="0" type="stmt"/>
      <line num="48" count="0" type="stmt"/>
      <line num="49" count="0" type="stmt"/>
      <line num="50" count="0" type="stmt"/>
      <line num="51" count="0" type="stmt"/>
      <line num="52" count="0" type="cond" truecount="0" falsecount="2"/>
      <line num="57" count="0" type="stmt"/>
      <line num="58" count="0" type="stmt"/>
      <line num="59" count="0" type="stmt"/>
      <line num="60" count="0" type="stmt"/>
      <line num="61" count="0" type="stmt"/>
      <line num="62" count="0" type="cond" truecount="0" falsecount="2"/>
      <line num="63" count="0" type="stmt"/>
      <line num="64" count="0" type="stmt"/>
      <line num="65" count="0" type="stmt"/>
      <line num="66" count="0" type="stmt"/>
      <line num="67" count="0" type="stmt"/>
      <line num="69" count="0" type="stmt"/>
      <line num="70" count="0" type="stmt"/>
      <line num="71" count="0" type="stmt"/>
      <line num="72" count="0" type="stmt"/>
      <line num="73" count="0" type="stmt"/>
    </file>
  </project>
</coverage>
