{"/Users/ramenimo/Desktop/age-calculator/src/ageCalculator.js": {"path":"/Users/ramenimo/Desktop/age-calculator/src/ageCalculator.js","statementMap":{"0":{"start":{"line":3,"column":4},"end":{"line":3,"column":24}},"1":{"start":{"line":4,"column":4},"end":{"line":4,"column":27}},"2":{"start":{"line":5,"column":4},"end":{"line":5,"column":33}},"3":{"start":{"line":6,"column":4},"end":{"line":6,"column":45}},"4":{"start":{"line":7,"column":4},"end":{"line":7,"column":43}},"5":{"start":{"line":8,"column":4},"end":{"line":8,"column":42}},"6":{"start":{"line":9,"column":4},"end":{"line":9,"column":46}},"7":{"start":{"line":10,"column":4},"end":{"line":10,"column":26}},"8":{"start":{"line":11,"column":4},"end":{"line":11,"column":28}},"9":{"start":{"line":12,"column":4},"end":{"line":12,"column":26}},"10":{"start":{"line":13,"column":4},"end":{"line":13,"column":25}},"11":{"start":{"line":18,"column":4},"end":{"line":39,"column":5}},"12":{"start":{"line":19,"column":6},"end":{"line":19,"column":21}},"13":{"start":{"line":20,"column":6},"end":{"line":20,"column":52}},"14":{"start":{"line":21,"column":6},"end":{"line":21,"column":63}},"15":{"start":{"line":22,"column":6},"end":{"line":22,"column":61}},"16":{"start":{"line":23,"column":6},"end":{"line":23,"column":60}},"17":{"start":{"line":24,"column":6},"end":{"line":24,"column":64}},"18":{"start":{"line":25,"column":11},"end":{"line":39,"column":5}},"19":{"start":{"line":26,"column":6},"end":{"line":26,"column":21}},"20":{"start":{"line":27,"column":6},"end":{"line":27,"column":52}},"21":{"start":{"line":28,"column":6},"end":{"line":28,"column":63}},"22":{"start":{"line":29,"column":6},"end":{"line":29,"column":61}},"23":{"start":{"line":30,"column":6},"end":{"line":30,"column":60}},"24":{"start":{"line":31,"column":6},"end":{"line":31,"column":64}},"25":{"start":{"line":33,"column":6},"end":{"line":33,"column":21}},"26":{"start":{"line":34,"column":6},"end":{"line":34,"column":52}},"27":{"start":{"line":35,"column":6},"end":{"line":35,"column":63}},"28":{"start":{"line":36,"column":6},"end":{"line":36,"column":61}},"29":{"start":{"line":37,"column":6},"end":{"line":37,"column":60}},"30":{"start":{"line":38,"column":6},"end":{"line":38,"column":64}},"31":{"start":{"line":42,"column":4},"end":{"line":54,"column":5}},"32":{"start":{"line":43,"column":6},"end":{"line":43,"column":66}},"33":{"start":{"line":44,"column":6},"end":{"line":44,"column":70}},"34":{"start":{"line":45,"column":6},"end":{"line":45,"column":66}},"35":{"start":{"line":46,"column":6},"end":{"line":46,"column":64}},"36":{"start":{"line":47,"column":6},"end":{"line":47,"column":70}},"37":{"start":{"line":49,"column":6},"end":{"line":49,"column":56}},"38":{"start":{"line":50,"column":6},"end":{"line":50,"column":60}},"39":{"start":{"line":51,"column":6},"end":{"line":51,"column":56}},"40":{"start":{"line":52,"column":6},"end":{"line":52,"column":54}},"41":{"start":{"line":53,"column":6},"end":{"line":53,"column":60}}},"fnMap":{"0":{"name":"(anonymous_0)","decl":{"start":{"line":2,"column":2},"end":{"line":2,"column":3}},"loc":{"start":{"line":2,"column":40},"end":{"line":14,"column":3}},"line":2},"1":{"name":"(anonymous_1)","decl":{"start":{"line":15,"column":2},"end":{"line":15,"column":3}},"loc":{"start":{"line":15,"column":17},"end":{"line":40,"column":3}},"line":15},"2":{"name":"(anonymous_2)","decl":{"start":{"line":41,"column":2},"end":{"line":41,"column":3}},"loc":{"start":{"line":41,"column":23},"end":{"line":55,"column":3}},"line":41}},"branchMap":{"0":{"loc":{"start":{"line":18,"column":4},"end":{"line":39,"column":5}},"type":"if","locations":[{"start":{"line":18,"column":4},"end":{"line":39,"column":5}},{"start":{"line":18,"column":4},"end":{"line":39,"column":5}}],"line":18},"1":{"loc":{"start":{"line":18,"column":8},"end":{"line":18,"column":68}},"type":"binary-expr","locations":[{"start":{"line":18,"column":8},"end":{"line":18,"column":34}},{"start":{"line":18,"column":38},"end":{"line":18,"column":68}}],"line":18},"2":{"loc":{"start":{"line":25,"column":11},"end":{"line":39,"column":5}},"type":"if","locations":[{"start":{"line":25,"column":11},"end":{"line":39,"column":5}},{"start":{"line":25,"column":11},"end":{"line":39,"column":5}}],"line":25},"3":{"loc":{"start":{"line":25,"column":15},"end":{"line":25,"column":70}},"type":"binary-expr","locations":[{"start":{"line":25,"column":15},"end":{"line":25,"column":37}},{"start":{"line":25,"column":41},"end":{"line":25,"column":70}}],"line":25},"4":{"loc":{"start":{"line":42,"column":4},"end":{"line":54,"column":5}},"type":"if","locations":[{"start":{"line":42,"column":4},"end":{"line":54,"column":5}},{"start":{"line":42,"column":4},"end":{"line":54,"column":5}}],"line":42}},"s":{"0":8,"1":8,"2":8,"3":8,"4":8,"5":8,"6":8,"7":8,"8":8,"9":8,"10":8,"11":5,"12":1,"13":1,"14":1,"15":1,"16":1,"17":1,"18":4,"19":3,"20":3,"21":3,"22":3,"23":3,"24":3,"25":1,"26":1,"27":1,"28":1,"29":1,"30":1,"31":2,"32":1,"33":1,"34":1,"35":1,"36":1,"37":1,"38":1,"39":1,"40":1,"41":1},"f":{"0":8,"1":5,"2":2},"b":{"0":[1,4],"1":[5,2],"2":[3,1],"3":[4,3],"4":[1,1]},"_coverageSchema":"43e27e138ebf9cfc5966b082cf9a028302ed4184","hash":"01a4afadb959a89f68df2d2a43e052116512d20f"}
}
