{"/Users/ramenimo/Desktop/age-calculator/src/ageCalculator.js": {"path":"/Users/ramenimo/Desktop/age-calculator/src/ageCalculator.js","statementMap":{"0":{"start":{"line":3,"column":4},"end":{"line":3,"column":24}},"1":{"start":{"line":4,"column":4},"end":{"line":4,"column":27}},"2":{"start":{"line":5,"column":4},"end":{"line":5,"column":33}},"3":{"start":{"line":6,"column":4},"end":{"line":6,"column":45}},"4":{"start":{"line":7,"column":4},"end":{"line":7,"column":43}},"5":{"start":{"line":8,"column":4},"end":{"line":8,"column":42}},"6":{"start":{"line":9,"column":4},"end":{"line":9,"column":46}},"7":{"start":{"line":10,"column":4},"end":{"line":10,"column":26}},"8":{"start":{"line":11,"column":4},"end":{"line":11,"column":28}},"9":{"start":{"line":12,"column":4},"end":{"line":12,"column":26}},"10":{"start":{"line":13,"column":4},"end":{"line":13,"column":25}},"11":{"start":{"line":18,"column":4},"end":{"line":39,"column":5}},"12":{"start":{"line":19,"column":6},"end":{"line":19,"column":21}},"13":{"start":{"line":20,"column":6},"end":{"line":20,"column":52}},"14":{"start":{"line":21,"column":6},"end":{"line":21,"column":63}},"15":{"start":{"line":22,"column":6},"end":{"line":22,"column":61}},"16":{"start":{"line":23,"column":6},"end":{"line":23,"column":60}},"17":{"start":{"line":24,"column":6},"end":{"line":24,"column":64}},"18":{"start":{"line":25,"column":11},"end":{"line":39,"column":5}},"19":{"start":{"line":26,"column":6},"end":{"line":26,"column":21}},"20":{"start":{"line":27,"column":6},"end":{"line":27,"column":52}},"21":{"start":{"line":28,"column":6},"end":{"line":28,"column":63}},"22":{"start":{"line":29,"column":6},"end":{"line":29,"column":61}},"23":{"start":{"line":30,"column":6},"end":{"line":30,"column":60}},"24":{"start":{"line":31,"column":6},"end":{"line":31,"column":64}},"25":{"start":{"line":33,"column":6},"end":{"line":33,"column":21}},"26":{"start":{"line":34,"column":6},"end":{"line":34,"column":52}},"27":{"start":{"line":35,"column":6},"end":{"line":35,"column":63}},"28":{"start":{"line":36,"column":6},"end":{"line":36,"column":61}},"29":{"start":{"line":37,"column":6},"end":{"line":37,"column":60}},"30":{"start":{"line":38,"column":6},"end":{"line":38,"column":64}},"31":{"start":{"line":42,"column":4},"end":{"line":74,"column":5}},"32":{"start":{"line":47,"column":6},"end":{"line":47,"column":34}},"33":{"start":{"line":48,"column":6},"end":{"line":48,"column":36}},"34":{"start":{"line":49,"column":6},"end":{"line":49,"column":34}},"35":{"start":{"line":50,"column":6},"end":{"line":50,"column":33}},"36":{"start":{"line":51,"column":6},"end":{"line":51,"column":36}},"37":{"start":{"line":52,"column":11},"end":{"line":74,"column":5}},"38":{"start":{"line":57,"column":6},"end":{"line":57,"column":34}},"39":{"start":{"line":58,"column":6},"end":{"line":58,"column":36}},"40":{"start":{"line":59,"column":6},"end":{"line":59,"column":34}},"41":{"start":{"line":60,"column":6},"end":{"line":60,"column":33}},"42":{"start":{"line":61,"column":6},"end":{"line":61,"column":36}},"43":{"start":{"line":62,"column":11},"end":{"line":74,"column":5}},"44":{"start":{"line":63,"column":6},"end":{"line":63,"column":34}},"45":{"start":{"line":64,"column":6},"end":{"line":64,"column":36}},"46":{"start":{"line":65,"column":6},"end":{"line":65,"column":34}},"47":{"start":{"line":66,"column":6},"end":{"line":66,"column":33}},"48":{"start":{"line":67,"column":6},"end":{"line":67,"column":36}},"49":{"start":{"line":69,"column":6},"end":{"line":69,"column":24}},"50":{"start":{"line":70,"column":6},"end":{"line":70,"column":26}},"51":{"start":{"line":71,"column":6},"end":{"line":71,"column":24}},"52":{"start":{"line":72,"column":6},"end":{"line":72,"column":23}},"53":{"start":{"line":73,"column":6},"end":{"line":73,"column":26}}},"fnMap":{"0":{"name":"(anonymous_0)","decl":{"start":{"line":2,"column":2},"end":{"line":2,"column":3}},"loc":{"start":{"line":2,"column":40},"end":{"line":14,"column":3}},"line":2},"1":{"name":"(anonymous_1)","decl":{"start":{"line":15,"column":2},"end":{"line":15,"column":3}},"loc":{"start":{"line":15,"column":17},"end":{"line":40,"column":3}},"line":15},"2":{"name":"(anonymous_2)","decl":{"start":{"line":41,"column":2},"end":{"line":41,"column":3}},"loc":{"start":{"line":41,"column":23},"end":{"line":75,"column":3}},"line":41}},"branchMap":{"0":{"loc":{"start":{"line":18,"column":4},"end":{"line":39,"column":5}},"type":"if","locations":[{"start":{"line":18,"column":4},"end":{"line":39,"column":5}},{"start":{"line":18,"column":4},"end":{"line":39,"column":5}}],"line":18},"1":{"loc":{"start":{"line":18,"column":8},"end":{"line":18,"column":68}},"type":"binary-expr","locations":[{"start":{"line":18,"column":8},"end":{"line":18,"column":34}},{"start":{"line":18,"column":38},"end":{"line":18,"column":68}}],"line":18},"2":{"loc":{"start":{"line":25,"column":11},"end":{"line":39,"column":5}},"type":"if","locations":[{"start":{"line":25,"column":11},"end":{"line":39,"column":5}},{"start":{"line":25,"column":11},"end":{"line":39,"column":5}}],"line":25},"3":{"loc":{"start":{"line":25,"column":15},"end":{"line":25,"column":70}},"type":"binary-expr","locations":[{"start":{"line":25,"column":15},"end":{"line":25,"column":37}},{"start":{"line":25,"column":41},"end":{"line":25,"column":70}}],"line":25},"4":{"loc":{"start":{"line":42,"column":4},"end":{"line":74,"column":5}},"type":"if","locations":[{"start":{"line":42,"column":4},"end":{"line":74,"column":5}},{"start":{"line":42,"column":4},"end":{"line":74,"column":5}}],"line":42},"5":{"loc":{"start":{"line":43,"column":6},"end":{"line":45,"column":35}},"type":"binary-expr","locations":[{"start":{"line":43,"column":6},"end":{"line":43,"column":27}},{"start":{"line":44,"column":6},"end":{"line":44,"column":28}},{"start":{"line":45,"column":6},"end":{"line":45,"column":35}}],"line":43},"6":{"loc":{"start":{"line":52,"column":11},"end":{"line":74,"column":5}},"type":"if","locations":[{"start":{"line":52,"column":11},"end":{"line":74,"column":5}},{"start":{"line":52,"column":11},"end":{"line":74,"column":5}}],"line":52},"7":{"loc":{"start":{"line":53,"column":6},"end":{"line":55,"column":36}},"type":"binary-expr","locations":[{"start":{"line":53,"column":6},"end":{"line":53,"column":27}},{"start":{"line":54,"column":6},"end":{"line":54,"column":32}},{"start":{"line":55,"column":6},"end":{"line":55,"column":36}}],"line":53},"8":{"loc":{"start":{"line":62,"column":11},"end":{"line":74,"column":5}},"type":"if","locations":[{"start":{"line":62,"column":11},"end":{"line":74,"column":5}},{"start":{"line":62,"column":11},"end":{"line":74,"column":5}}],"line":62}},"s":{"0":7,"1":7,"2":7,"3":7,"4":7,"5":7,"6":7,"7":7,"8":7,"9":7,"10":7,"11":4,"12":1,"13":1,"14":1,"15":1,"16":1,"17":1,"18":3,"19":2,"20":2,"21":2,"22":2,"23":2,"24":2,"25":1,"26":1,"27":1,"28":1,"29":1,"30":1,"31":0,"32":0,"33":0,"34":0,"35":0,"36":0,"37":0,"38":0,"39":0,"40":0,"41":0,"42":0,"43":0,"44":0,"45":0,"46":0,"47":0,"48":0,"49":0,"50":0,"51":0,"52":0,"53":0},"f":{"0":7,"1":4,"2":0},"b":{"0":[1,3],"1":[4,2],"2":[2,1],"3":[3,2],"4":[0,0],"5":[0,0,0],"6":[0,0],"7":[0,0,0],"8":[0,0]},"_coverageSchema":"43e27e138ebf9cfc5966b082cf9a028302ed4184","hash":"dad947681232ea1593eb3564ecebab70f298018f"}
}
