TN:
SF:/Users/ramenimo/Desktop/Epicodous/age-calculator/src/ageCalculator.js
FN:2,(anonymous_0)
FN:15,(anonymous_1)
FN:46,(anonymous_2)
FNF:3
FNH:3
FNDA:8,(anonymous_0)
FNDA:6,(anonymous_1)
FNDA:2,(anonymous_2)
DA:3,8
DA:4,8
DA:5,8
DA:6,8
DA:7,8
DA:8,8
DA:9,8
DA:10,8
DA:11,8
DA:12,8
DA:13,8
DA:16,6
DA:17,6
DA:18,6
DA:19,6
DA:22,6
DA:23,1
DA:25,1
DA:26,1
DA:27,1
DA:28,1
DA:29,1
DA:30,5
DA:31,1
DA:32,1
DA:33,1
DA:34,1
DA:35,1
DA:36,1
DA:38,4
DA:39,4
DA:40,4
DA:41,4
DA:42,4
DA:43,4
DA:47,2
DA:48,1
DA:49,1
DA:50,1
DA:51,1
DA:52,1
DA:54,1
DA:55,1
DA:56,1
DA:57,1
DA:58,1
LF:46
LH:46
BRDA:22,0,0,1
BRDA:22,0,1,5
BRDA:22,1,0,6
BRDA:22,1,1,1
BRDA:30,2,0,1
BRDA:30,2,1,4
BRDA:30,3,0,5
BRDA:30,3,1,1
BRDA:47,4,0,1
BRDA:47,4,1,1
BRF:10
BRH:10
end_of_record
